<?xml version="1.0" encoding="UTF-8"?>
<!-- Generated by org.testng.reporters.JUnitReportReporter -->
<testsuite skipped="0" hostname="DESKTOP-CO33Q0N" name="api.test.DDT" tests="6" failures="0" timestamp="31 May 2023 19:06:28 GMT" time="8.991" errors="0">
  <testcase name="createuserusingDDT" time="2.223" classname="api.test.DDT"/>
  <testcase name="createuserusingDDT" time="1.346" classname="api.test.DDT"/>
  <testcase name="createuserusingDDT" time="1.351" classname="api.test.DDT"/>
  <testcase name="createuserusingDDT" time="1.355" classname="api.test.DDT"/>
  <testcase name="createuserusingDDT" time="1.362" classname="api.test.DDT"/>
  <testcase name="createuserusingDDT" time="1.354" classname="api.test.DDT"/>
</testsuite> <!-- api.test.DDT -->
